| 09-27-2021 | 10:45:01 PM | | GIVE CHANGE | $7.25| $0.0
| 09-27-2021 | 10:52:15 PM | | FEED MONEY | $0.0| $11.0
| 09-27-2021 | 10:52:33 PM | | Triplemint D4 | $11.0| $10.25
| 09-27-2021 | 10:53:10 PM | | Moonpie B1 | $10.25| $8.45
| 09-27-2021 | 10:53:14 PM | | Dr. Salt C2 | $8.45| $6.949999999999999
| 09-27-2021 | 10:53:19 PM | | Cloud Popcorn A4 | $6.949999999999999| $3.2999999999999994
| 09-27-2021 | 10:53:42 PM | | GIVE CHANGE | $3.2999999999999994| $0.0
| 09-30-2021 | 09:31:41 PM | | FEED MONEY | $0.0| $10.0
| 09-30-2021 | 09:31:45 PM |  | Triplemint D4 | $10.0 | $9.25 |
| 09-30-2021 | 09:32:08 PM |  | Triplemint D4 | $9.25 | $8.5 |
| 09-30-2021 | 09:32:11 PM |  | Triplemint D4 | $8.5 | $7.75 |
| 09-30-2021 | 09:32:13 PM |  | Triplemint D4 | $7.75 | $7.0 |
| 09-30-2021 | 09:32:16 PM |  | Triplemint D4 | $7.0 | $6.25 |
| 09-30-2021 | 09:36:16 PM | | GIVE CHANGE | $0.0| $0.0
| 09-30-2021 | 09:39:35 PM | | GIVE CHANGE | $0.0| $0.0
| 09-30-2021 | 09:43:41 PM | | FEED MONEY | $0.0| $30.0
| 09-30-2021 | 09:43:46 PM |  | Triplemint D4 | $30.0 | $29.25 |
| 09-30-2021 | 09:43:49 PM |  | Triplemint D4 | $29.25 | $28.5 |
| 09-30-2021 | 09:43:51 PM |  | Triplemint D4 | $28.5 | $27.75 |
| 09-30-2021 | 09:43:54 PM |  | Triplemint D4 | $27.75 | $27.0 |
| 09-30-2021 | 09:43:58 PM |  | Triplemint D4 | $27.0 | $26.25 |
| 09-30-2021 | 09:45:01 PM | | FEED MONEY | $0.0| $40.0
| 09-30-2021 | 09:45:09 PM |  | Triplemint D4 | $40.0 | $39.25 |
| 09-30-2021 | 09:45:12 PM |  | Triplemint D4 | $39.25 | $38.5 |
| 09-30-2021 | 09:45:13 PM |  | Triplemint D4 | $38.5 | $37.75 |
| 09-30-2021 | 09:45:15 PM |  | Triplemint D4 | $37.75 | $37.0 |
| 09-30-2021 | 09:45:17 PM |  | Triplemint D4 | $37.0 | $36.25 |
| 09-30-2021 | 09:52:16 PM | | FEED MONEY | $0.0| $10.0
| 09-30-2021 | 09:53:18 PM | | FEED MONEY | $0.0| $10.0
| 10-02-2021 | 07:46:34 PM | | FEED MONEY | $0.0| $2.0
| 10-02-2021 | 07:46:46 PM |  | Stackers A2 | $2.0 | $0.55 |
| 10-02-2021 | 07:46:50 PM | | GIVE CHANGE | $0.55| $0.0
| 10-03-2021 | 02:33:42 PM | | FEED MONEY | $0.0| $3.0
| 10-03-2021 | 02:34:01 PM |  | Triplemint D4 | $3.0 | $2.25 |
| 10-03-2021 | 02:34:19 PM | | GIVE CHANGE | $2.25| $0.0
| 10-03-2021 | 02:38:11 PM | | FEED MONEY | $0.0| $5.0
| 10-03-2021 | 02:38:19 PM |  | Potato Crisps A1 | $5.0 | $1.9500000000000002 |
| 10-03-2021 | 02:38:47 PM | | FEED MONEY | $1.9500000000000002| $21.95
| 10-03-2021 | 02:38:50 PM |  | Potato Crisps A1 | $21.95 | $18.9 |
| 10-03-2021 | 02:38:53 PM |  | Potato Crisps A1 | $18.9 | $15.849999999999998 |
| 10-03-2021 | 02:38:56 PM |  | Potato Crisps A1 | $15.849999999999998 | $12.799999999999997 |
| 10-03-2021 | 02:39:11 PM |  | Potato Crisps A1 | $12.799999999999997 | $9.749999999999996 |
| 10-03-2021 | 02:39:33 PM |  | Cloud Popcorn A4 | $6.699999999999997 | $3.0499999999999967 |
| 10-03-2021 | 02:40:26 PM |  | Triplemint D4 | $3.0499999999999967 | $2.2999999999999967 |
| 10-03-2021 | 02:40:28 PM | | GIVE CHANGE | $2.2999999999999967| $0.0
| 10-03-2021 | 03:17:46 PM | | FEED MONEY | $0.0| $20.0
| 10-03-2021 | 03:17:50 PM | | FEED MONEY | $20.0| $20.0
| 10-03-2021 | 03:17:58 PM |  | Triplemint D4 | $20.0 | $19.25 |
| 10-03-2021 | 03:18:04 PM |  | Triplemint D4 | $19.25 | $18.5 |
| 10-03-2021 | 03:18:07 PM |  | Triplemint D4 | $18.5 | $17.75 |
| 10-03-2021 | 03:18:08 PM |  | Triplemint D4 | $17.75 | $17.0 |
| 10-03-2021 | 03:18:11 PM |  | Triplemint D4 | $17.0 | $16.25 |
| 10-03-2021 | 03:49:03 PM | | GIVE CHANGE | $14.75| $0.0
| 10-03-2021 | 03:50:37 PM | | FEED MONEY | $0.0| $3.0
| 10-03-2021 | 03:50:45 PM |  | Triplemint D4 | $3.0 | $2.25 |
| 10-03-2021 | 03:50:49 PM |  | Triplemint D4 | $2.25 | $1.5 |
| 10-03-2021 | 03:50:51 PM |  | Triplemint D4 | $1.5 | $0.75 |
| 10-03-2021 | 03:50:53 PM |  | Triplemint D4 | $0.75 | $0.0 |
| 10-03-2021 | 03:50:58 PM | | FEED MONEY | $0.0| $2.0
| 10-03-2021 | 03:51:03 PM |  | Triplemint D4 | $2.0 | $1.25 |
